<?xml version="1.0" encoding="UTF-8"?>
<testsuite errors="0" failures="0" hostname="dongzhu.yin.local" name="cmsod.publish.site120.form.MrcKenzaiInquiryFormTest" tests="1" time="5.775" timestamp="2012-11-09T05:55:35">
  <properties />
  <testcase classname="cmsod.publish.site120.form.MrcKenzaiInquiryFormTest" name="testMrcKenzaiInquiryFormTest" time="5.774" />
  <system-out><![CDATA[]]></system-out>
  <system-err><![CDATA[]]></system-err>
</testsuite>
