<?xml version="1.0" encoding="UTF-8"?>
<testsuite errors="0" failures="0" hostname="dongzhu.yin.local" name="cmsod.publish.site120.form.MrcMrcpsInquiryFormTest" tests="1" time="7.354" timestamp="2012-11-09T05:55:41">
  <properties />
  <testcase classname="cmsod.publish.site120.form.MrcMrcpsInquiryFormTest" name="testMrcMrcpsInquiryFormTest" time="7.352" />
  <system-out><![CDATA[]]></system-out>
  <system-err><![CDATA[]]></system-err>
</testsuite>
