<?xml version="1.0" encoding="UTF-8"?>
<testsuite errors="0" failures="0" hostname="dongzhu.yin.local" name="cmsod.publish.site120.form.MrcEnglishInquiryProductsFormTest" tests="1" time="8.905" timestamp="2012-11-09T05:56:06">
  <properties />
  <testcase classname="cmsod.publish.site120.form.MrcEnglishInquiryProductsFormTest" name="testMrcEnglishInquiryProductsFormTest" time="8.903" />
  <system-out><![CDATA[]]></system-out>
  <system-err><![CDATA[]]></system-err>
</testsuite>
