<?xml version="1.0" encoding="UTF-8"?>
<testsuite errors="0" failures="0" hostname="dongzhu.yin.local" name="cmsod.publish.site120.form.MrcEnglishInquiryFormTest" tests="1" time="8.686" timestamp="2012-11-09T05:55:57">
  <properties />
  <testcase classname="cmsod.publish.site120.form.MrcEnglishInquiryFormTest" name="testMrcEnglishInquiryFormTest" time="8.683" />
  <system-out><![CDATA[]]></system-out>
  <system-err><![CDATA[]]></system-err>
</testsuite>
