<?xml version="1.0" encoding="UTF-8"?>
<testsuite errors="0" failures="0" hostname="dongzhu.yin.local" name="cmsod.publish.site120.form.MrcInquiryProductsFormTest" tests="1" time="9.068" timestamp="2012-11-09T05:56:15">
  <properties />
  <testcase classname="cmsod.publish.site120.form.MrcInquiryProductsFormTest" name="testMrcInquiryProductsFormTest" time="9.064" />
  <system-out><![CDATA[]]></system-out>
  <system-err><![CDATA[]]></system-err>
</testsuite>
